[2026-03-21 22:32:34] local.WARNING: Gold Lapel failed to start for connection 'pgsql': Gold Lapel binary not found. Set GOLDLAPEL_BINARY env var, install the platform-specific package, or ensure 'goldlapel' is on PATH.  
[2026-03-21 22:32:47] local.WARNING: Gold Lapel failed to start for connection 'pgsql': Gold Lapel binary not found. Set GOLDLAPEL_BINARY env var, install the platform-specific package, or ensure 'goldlapel' is on PATH.  
[2026-03-21 22:33:03] local.ERROR: SQLSTATE[42P01]: Undefined table: 7 ERROR:  relation "todos" does not exist
LINE 1: insert into "todos" ("title", "updated_at", "created_at") va...
                    ^ (Connection: pgsql, SQL: insert into "todos" ("title", "updated_at", "created_at") values (Test, 2026-03-21 22:33:03, 2026-03-21 22:33:03) returning "id") {"exception":"[object] (Illuminate\\Database\\QueryException(code: 42P01): SQLSTATE[42P01]: Undefined table: 7 ERROR:  relation \"todos\" does not exist
LINE 1: insert into \"todos\" (\"title\", \"updated_at\", \"created_at\") va...
                    ^ (Connection: pgsql, SQL: insert into \"todos\" (\"title\", \"updated_at\", \"created_at\") values (Test, 2026-03-21 22:33:03, 2026-03-21 22:33:03) returning \"id\") at /home/sgibson/dev/gl/goldlapel-examples/frameworks/laravel/vendor/laravel/framework/src/Illuminate/Database/Connection.php:825)
[stacktrace]
#0 /home/sgibson/dev/gl/goldlapel-examples/frameworks/laravel/vendor/laravel/framework/src/Illuminate/Database/Connection.php(779): Illuminate\\Database\\Connection->runQueryCallback()
#1 /home/sgibson/dev/gl/goldlapel-examples/frameworks/laravel/vendor/laravel/framework/src/Illuminate/Database/Connection.php(398): Illuminate\\Database\\Connection->run()
#2 /home/sgibson/dev/gl/goldlapel-examples/frameworks/laravel/vendor/laravel/framework/src/Illuminate/Database/Connection.php(385): Illuminate\\Database\\Connection->select()
#3 /home/sgibson/dev/gl/goldlapel-examples/frameworks/laravel/vendor/laravel/framework/src/Illuminate/Database/Query/Processors/PostgresProcessor.php(24): Illuminate\\Database\\Connection->selectFromWriteConnection()
#4 /home/sgibson/dev/gl/goldlapel-examples/frameworks/laravel/vendor/laravel/framework/src/Illuminate/Database/Query/Builder.php(3766): Illuminate\\Database\\Query\\Processors\\PostgresProcessor->processInsertGetId()
#5 /home/sgibson/dev/gl/goldlapel-examples/frameworks/laravel/vendor/laravel/framework/src/Illuminate/Database/Eloquent/Builder.php(2120): Illuminate\\Database\\Query\\Builder->insertGetId()
#6 /home/sgibson/dev/gl/goldlapel-examples/frameworks/laravel/vendor/laravel/framework/src/Illuminate/Database/Eloquent/Model.php(1359): Illuminate\\Database\\Eloquent\\Builder->__call()
#7 /home/sgibson/dev/gl/goldlapel-examples/frameworks/laravel/vendor/laravel/framework/src/Illuminate/Database/Eloquent/Model.php(1324): Illuminate\\Database\\Eloquent\\Model->insertAndSetId()
#8 /home/sgibson/dev/gl/goldlapel-examples/frameworks/laravel/vendor/laravel/framework/src/Illuminate/Database/Eloquent/Model.php(1163): Illuminate\\Database\\Eloquent\\Model->performInsert()
#9 /home/sgibson/dev/gl/goldlapel-examples/frameworks/laravel/vendor/laravel/framework/src/Illuminate/Database/Eloquent/Builder.php(1128): Illuminate\\Database\\Eloquent\\Model->save()
#10 /home/sgibson/dev/gl/goldlapel-examples/frameworks/laravel/vendor/laravel/framework/src/Illuminate/Support/helpers.php(399): Illuminate\\Database\\Eloquent\\Builder->Illuminate\\Database\\Eloquent\\{closure}()
#11 /home/sgibson/dev/gl/goldlapel-examples/frameworks/laravel/vendor/laravel/framework/src/Illuminate/Database/Eloquent/Builder.php(1127): tap()
#12 /home/sgibson/dev/gl/goldlapel-examples/frameworks/laravel/vendor/laravel/framework/src/Illuminate/Support/Traits/ForwardsCalls.php(23): Illuminate\\Database\\Eloquent\\Builder->create()
#13 /home/sgibson/dev/gl/goldlapel-examples/frameworks/laravel/vendor/laravel/framework/src/Illuminate/Database/Eloquent/Model.php(2372): Illuminate\\Database\\Eloquent\\Model->forwardCallTo()
#14 /home/sgibson/dev/gl/goldlapel-examples/frameworks/laravel/vendor/laravel/framework/src/Illuminate/Database/Eloquent/Model.php(2384): Illuminate\\Database\\Eloquent\\Model->__call()
#15 /home/sgibson/dev/gl/goldlapel-examples/frameworks/laravel/app/Http/Controllers/TodoController.php(17): Illuminate\\Database\\Eloquent\\Model::__callStatic()
#16 /home/sgibson/dev/gl/goldlapel-examples/frameworks/laravel/vendor/laravel/framework/src/Illuminate/Routing/ControllerDispatcher.php(47): App\\Http\\Controllers\\TodoController->store()
#17 /home/sgibson/dev/gl/goldlapel-examples/frameworks/laravel/vendor/laravel/framework/src/Illuminate/Routing/Route.php(266): Illuminate\\Routing\\ControllerDispatcher->dispatch()
#18 /home/sgibson/dev/gl/goldlapel-examples/frameworks/laravel/vendor/laravel/framework/src/Illuminate/Routing/Route.php(212): Illuminate\\Routing\\Route->runController()
#19 /home/sgibson/dev/gl/goldlapel-examples/frameworks/laravel/vendor/laravel/framework/src/Illuminate/Routing/Router.php(808): Illuminate\\Routing\\Route->run()
#20 /home/sgibson/dev/gl/goldlapel-examples/frameworks/laravel/vendor/laravel/framework/src/Illuminate/Pipeline/Pipeline.php(170): Illuminate\\Routing\\Router->Illuminate\\Routing\\{closure}()
#21 /home/sgibson/dev/gl/goldlapel-examples/frameworks/laravel/vendor/laravel/framework/src/Illuminate/Routing/Middleware/SubstituteBindings.php(51): Illuminate\\Pipeline\\Pipeline->Illuminate\\Pipeline\\{closure}()
#22 /home/sgibson/dev/gl/goldlapel-examples/frameworks/laravel/vendor/laravel/framework/src/Illuminate/Pipeline/Pipeline.php(209): Illuminate\\Routing\\Middleware\\SubstituteBindings->handle()
#23 /home/sgibson/dev/gl/goldlapel-examples/frameworks/laravel/vendor/laravel/framework/src/Illuminate/Pipeline/Pipeline.php(127): Illuminate\\Pipeline\\Pipeline->Illuminate\\Pipeline\\{closure}()
#24 /home/sgibson/dev/gl/goldlapel-examples/frameworks/laravel/vendor/laravel/framework/src/Illuminate/Routing/Router.php(807): Illuminate\\Pipeline\\Pipeline->then()
#25 /home/sgibson/dev/gl/goldlapel-examples/frameworks/laravel/vendor/laravel/framework/src/Illuminate/Routing/Router.php(786): Illuminate\\Routing\\Router->runRouteWithinStack()
#26 /home/sgibson/dev/gl/goldlapel-examples/frameworks/laravel/vendor/laravel/framework/src/Illuminate/Routing/Router.php(750): Illuminate\\Routing\\Router->runRoute()
#27 /home/sgibson/dev/gl/goldlapel-examples/frameworks/laravel/vendor/laravel/framework/src/Illuminate/Routing/Router.php(739): Illuminate\\Routing\\Router->dispatchToRoute()
#28 /home/sgibson/dev/gl/goldlapel-examples/frameworks/laravel/vendor/laravel/framework/src/Illuminate/Foundation/Http/Kernel.php(201): Illuminate\\Routing\\Router->dispatch()
#29 /home/sgibson/dev/gl/goldlapel-examples/frameworks/laravel/vendor/laravel/framework/src/Illuminate/Pipeline/Pipeline.php(170): Illuminate\\Foundation\\Http\\Kernel->Illuminate\\Foundation\\Http\\{closure}()
#30 /home/sgibson/dev/gl/goldlapel-examples/frameworks/laravel/vendor/laravel/framework/src/Illuminate/Foundation/Http/Middleware/TransformsRequest.php(21): Illuminate\\Pipeline\\Pipeline->Illuminate\\Pipeline\\{closure}()
#31 /home/sgibson/dev/gl/goldlapel-examples/frameworks/laravel/vendor/laravel/framework/src/Illuminate/Foundation/Http/Middleware/ConvertEmptyStringsToNull.php(31): Illuminate\\Foundation\\Http\\Middleware\\TransformsRequest->handle()
#32 /home/sgibson/dev/gl/goldlapel-examples/frameworks/laravel/vendor/laravel/framework/src/Illuminate/Pipeline/Pipeline.php(209): Illuminate\\Foundation\\Http\\Middleware\\ConvertEmptyStringsToNull->handle()
#33 /home/sgibson/dev/gl/goldlapel-examples/frameworks/laravel/vendor/laravel/framework/src/Illuminate/Foundation/Http/Middleware/TransformsRequest.php(21): Illuminate\\Pipeline\\Pipeline->Illuminate\\Pipeline\\{closure}()
#34 /home/sgibson/dev/gl/goldlapel-examples/frameworks/laravel/vendor/laravel/framework/src/Illuminate/Foundation/Http/Middleware/TrimStrings.php(51): Illuminate\\Foundation\\Http\\Middleware\\TransformsRequest->handle()
#35 /home/sgibson/dev/gl/goldlapel-examples/frameworks/laravel/vendor/laravel/framework/src/Illuminate/Pipeline/Pipeline.php(209): Illuminate\\Foundation\\Http\\Middleware\\TrimStrings->handle()
#36 /home/sgibson/dev/gl/goldlapel-examples/frameworks/laravel/vendor/laravel/framework/src/Illuminate/Http/Middleware/ValidatePostSize.php(27): Illuminate\\Pipeline\\Pipeline->Illuminate\\Pipeline\\{closure}()
#37 /home/sgibson/dev/gl/goldlapel-examples/frameworks/laravel/vendor/laravel/framework/src/Illuminate/Pipeline/Pipeline.php(209): Illuminate\\Http\\Middleware\\ValidatePostSize->handle()
#38 /home/sgibson/dev/gl/goldlapel-examples/frameworks/laravel/vendor/laravel/framework/src/Illuminate/Foundation/Http/Middleware/PreventRequestsDuringMaintenance.php(110): Illuminate\\Pipeline\\Pipeline->Illuminate\\Pipeline\\{closure}()
#39 /home/sgibson/dev/gl/goldlapel-examples/frameworks/laravel/vendor/laravel/framework/src/Illuminate/Pipeline/Pipeline.php(209): Illuminate\\Foundation\\Http\\Middleware\\PreventRequestsDuringMaintenance->handle()
#40 /home/sgibson/dev/gl/goldlapel-examples/frameworks/laravel/vendor/laravel/framework/src/Illuminate/Http/Middleware/HandleCors.php(62): Illuminate\\Pipeline\\Pipeline->Illuminate\\Pipeline\\{closure}()
#41 /home/sgibson/dev/gl/goldlapel-examples/frameworks/laravel/vendor/laravel/framework/src/Illuminate/Pipeline/Pipeline.php(209): Illuminate\\Http\\Middleware\\HandleCors->handle()
#42 /home/sgibson/dev/gl/goldlapel-examples/frameworks/laravel/vendor/laravel/framework/src/Illuminate/Http/Middleware/TrustProxies.php(58): Illuminate\\Pipeline\\Pipeline->Illuminate\\Pipeline\\{closure}()
#43 /home/sgibson/dev/gl/goldlapel-examples/frameworks/laravel/vendor/laravel/framework/src/Illuminate/Pipeline/Pipeline.php(209): Illuminate\\Http\\Middleware\\TrustProxies->handle()
#44 /home/sgibson/dev/gl/goldlapel-examples/frameworks/laravel/vendor/laravel/framework/src/Illuminate/Foundation/Http/Middleware/InvokeDeferredCallbacks.php(22): Illuminate\\Pipeline\\Pipeline->Illuminate\\Pipeline\\{closure}()
#45 /home/sgibson/dev/gl/goldlapel-examples/frameworks/laravel/vendor/laravel/framework/src/Illuminate/Pipeline/Pipeline.php(209): Illuminate\\Foundation\\Http\\Middleware\\InvokeDeferredCallbacks->handle()
#46 /home/sgibson/dev/gl/goldlapel-examples/frameworks/laravel/vendor/laravel/framework/src/Illuminate/Pipeline/Pipeline.php(127): Illuminate\\Pipeline\\Pipeline->Illuminate\\Pipeline\\{closure}()
#47 /home/sgibson/dev/gl/goldlapel-examples/frameworks/laravel/vendor/laravel/framework/src/Illuminate/Foundation/Http/Kernel.php(176): Illuminate\\Pipeline\\Pipeline->then()
#48 /home/sgibson/dev/gl/goldlapel-examples/frameworks/laravel/vendor/laravel/framework/src/Illuminate/Foundation/Http/Kernel.php(145): Illuminate\\Foundation\\Http\\Kernel->sendRequestThroughRouter()
#49 /home/sgibson/dev/gl/goldlapel-examples/frameworks/laravel/vendor/laravel/framework/src/Illuminate/Foundation/Application.php(1220): Illuminate\\Foundation\\Http\\Kernel->handle()
#50 /home/sgibson/dev/gl/goldlapel-examples/frameworks/laravel/public/index.php(11): Illuminate\\Foundation\\Application->handleRequest()
#51 /home/sgibson/dev/gl/goldlapel-examples/frameworks/laravel/vendor/laravel/framework/src/Illuminate/Foundation/resources/server.php(23): require_once('...')
#52 {main}

[previous exception] [object] (PDOException(code: 42P01): SQLSTATE[42P01]: Undefined table: 7 ERROR:  relation \"todos\" does not exist
LINE 1: insert into \"todos\" (\"title\", \"updated_at\", \"created_at\") va...
                    ^ at /home/sgibson/dev/gl/goldlapel-examples/frameworks/laravel/vendor/laravel/framework/src/Illuminate/Database/Connection.php:412)
[stacktrace]
#0 /home/sgibson/dev/gl/goldlapel-examples/frameworks/laravel/vendor/laravel/framework/src/Illuminate/Database/Connection.php(412): PDOStatement->execute()
#1 /home/sgibson/dev/gl/goldlapel-examples/frameworks/laravel/vendor/laravel/framework/src/Illuminate/Database/Connection.php(812): Illuminate\\Database\\Connection->Illuminate\\Database\\{closure}()
#2 /home/sgibson/dev/gl/goldlapel-examples/frameworks/laravel/vendor/laravel/framework/src/Illuminate/Database/Connection.php(779): Illuminate\\Database\\Connection->runQueryCallback()
#3 /home/sgibson/dev/gl/goldlapel-examples/frameworks/laravel/vendor/laravel/framework/src/Illuminate/Database/Connection.php(398): Illuminate\\Database\\Connection->run()
#4 /home/sgibson/dev/gl/goldlapel-examples/frameworks/laravel/vendor/laravel/framework/src/Illuminate/Database/Connection.php(385): Illuminate\\Database\\Connection->select()
#5 /home/sgibson/dev/gl/goldlapel-examples/frameworks/laravel/vendor/laravel/framework/src/Illuminate/Database/Query/Processors/PostgresProcessor.php(24): Illuminate\\Database\\Connection->selectFromWriteConnection()
#6 /home/sgibson/dev/gl/goldlapel-examples/frameworks/laravel/vendor/laravel/framework/src/Illuminate/Database/Query/Builder.php(3766): Illuminate\\Database\\Query\\Processors\\PostgresProcessor->processInsertGetId()
#7 /home/sgibson/dev/gl/goldlapel-examples/frameworks/laravel/vendor/laravel/framework/src/Illuminate/Database/Eloquent/Builder.php(2120): Illuminate\\Database\\Query\\Builder->insertGetId()
#8 /home/sgibson/dev/gl/goldlapel-examples/frameworks/laravel/vendor/laravel/framework/src/Illuminate/Database/Eloquent/Model.php(1359): Illuminate\\Database\\Eloquent\\Builder->__call()
#9 /home/sgibson/dev/gl/goldlapel-examples/frameworks/laravel/vendor/laravel/framework/src/Illuminate/Database/Eloquent/Model.php(1324): Illuminate\\Database\\Eloquent\\Model->insertAndSetId()
#10 /home/sgibson/dev/gl/goldlapel-examples/frameworks/laravel/vendor/laravel/framework/src/Illuminate/Database/Eloquent/Model.php(1163): Illuminate\\Database\\Eloquent\\Model->performInsert()
#11 /home/sgibson/dev/gl/goldlapel-examples/frameworks/laravel/vendor/laravel/framework/src/Illuminate/Database/Eloquent/Builder.php(1128): Illuminate\\Database\\Eloquent\\Model->save()
#12 /home/sgibson/dev/gl/goldlapel-examples/frameworks/laravel/vendor/laravel/framework/src/Illuminate/Support/helpers.php(399): Illuminate\\Database\\Eloquent\\Builder->Illuminate\\Database\\Eloquent\\{closure}()
#13 /home/sgibson/dev/gl/goldlapel-examples/frameworks/laravel/vendor/laravel/framework/src/Illuminate/Database/Eloquent/Builder.php(1127): tap()
#14 /home/sgibson/dev/gl/goldlapel-examples/frameworks/laravel/vendor/laravel/framework/src/Illuminate/Support/Traits/ForwardsCalls.php(23): Illuminate\\Database\\Eloquent\\Builder->create()
#15 /home/sgibson/dev/gl/goldlapel-examples/frameworks/laravel/vendor/laravel/framework/src/Illuminate/Database/Eloquent/Model.php(2372): Illuminate\\Database\\Eloquent\\Model->forwardCallTo()
#16 /home/sgibson/dev/gl/goldlapel-examples/frameworks/laravel/vendor/laravel/framework/src/Illuminate/Database/Eloquent/Model.php(2384): Illuminate\\Database\\Eloquent\\Model->__call()
#17 /home/sgibson/dev/gl/goldlapel-examples/frameworks/laravel/app/Http/Controllers/TodoController.php(17): Illuminate\\Database\\Eloquent\\Model::__callStatic()
#18 /home/sgibson/dev/gl/goldlapel-examples/frameworks/laravel/vendor/laravel/framework/src/Illuminate/Routing/ControllerDispatcher.php(47): App\\Http\\Controllers\\TodoController->store()
#19 /home/sgibson/dev/gl/goldlapel-examples/frameworks/laravel/vendor/laravel/framework/src/Illuminate/Routing/Route.php(266): Illuminate\\Routing\\ControllerDispatcher->dispatch()
#20 /home/sgibson/dev/gl/goldlapel-examples/frameworks/laravel/vendor/laravel/framework/src/Illuminate/Routing/Route.php(212): Illuminate\\Routing\\Route->runController()
#21 /home/sgibson/dev/gl/goldlapel-examples/frameworks/laravel/vendor/laravel/framework/src/Illuminate/Routing/Router.php(808): Illuminate\\Routing\\Route->run()
#22 /home/sgibson/dev/gl/goldlapel-examples/frameworks/laravel/vendor/laravel/framework/src/Illuminate/Pipeline/Pipeline.php(170): Illuminate\\Routing\\Router->Illuminate\\Routing\\{closure}()
#23 /home/sgibson/dev/gl/goldlapel-examples/frameworks/laravel/vendor/laravel/framework/src/Illuminate/Routing/Middleware/SubstituteBindings.php(51): Illuminate\\Pipeline\\Pipeline->Illuminate\\Pipeline\\{closure}()
#24 /home/sgibson/dev/gl/goldlapel-examples/frameworks/laravel/vendor/laravel/framework/src/Illuminate/Pipeline/Pipeline.php(209): Illuminate\\Routing\\Middleware\\SubstituteBindings->handle()
#25 /home/sgibson/dev/gl/goldlapel-examples/frameworks/laravel/vendor/laravel/framework/src/Illuminate/Pipeline/Pipeline.php(127): Illuminate\\Pipeline\\Pipeline->Illuminate\\Pipeline\\{closure}()
#26 /home/sgibson/dev/gl/goldlapel-examples/frameworks/laravel/vendor/laravel/framework/src/Illuminate/Routing/Router.php(807): Illuminate\\Pipeline\\Pipeline->then()
#27 /home/sgibson/dev/gl/goldlapel-examples/frameworks/laravel/vendor/laravel/framework/src/Illuminate/Routing/Router.php(786): Illuminate\\Routing\\Router->runRouteWithinStack()
#28 /home/sgibson/dev/gl/goldlapel-examples/frameworks/laravel/vendor/laravel/framework/src/Illuminate/Routing/Router.php(750): Illuminate\\Routing\\Router->runRoute()
#29 /home/sgibson/dev/gl/goldlapel-examples/frameworks/laravel/vendor/laravel/framework/src/Illuminate/Routing/Router.php(739): Illuminate\\Routing\\Router->dispatchToRoute()
#30 /home/sgibson/dev/gl/goldlapel-examples/frameworks/laravel/vendor/laravel/framework/src/Illuminate/Foundation/Http/Kernel.php(201): Illuminate\\Routing\\Router->dispatch()
#31 /home/sgibson/dev/gl/goldlapel-examples/frameworks/laravel/vendor/laravel/framework/src/Illuminate/Pipeline/Pipeline.php(170): Illuminate\\Foundation\\Http\\Kernel->Illuminate\\Foundation\\Http\\{closure}()
#32 /home/sgibson/dev/gl/goldlapel-examples/frameworks/laravel/vendor/laravel/framework/src/Illuminate/Foundation/Http/Middleware/TransformsRequest.php(21): Illuminate\\Pipeline\\Pipeline->Illuminate\\Pipeline\\{closure}()
#33 /home/sgibson/dev/gl/goldlapel-examples/frameworks/laravel/vendor/laravel/framework/src/Illuminate/Foundation/Http/Middleware/ConvertEmptyStringsToNull.php(31): Illuminate\\Foundation\\Http\\Middleware\\TransformsRequest->handle()
#34 /home/sgibson/dev/gl/goldlapel-examples/frameworks/laravel/vendor/laravel/framework/src/Illuminate/Pipeline/Pipeline.php(209): Illuminate\\Foundation\\Http\\Middleware\\ConvertEmptyStringsToNull->handle()
#35 /home/sgibson/dev/gl/goldlapel-examples/frameworks/laravel/vendor/laravel/framework/src/Illuminate/Foundation/Http/Middleware/TransformsRequest.php(21): Illuminate\\Pipeline\\Pipeline->Illuminate\\Pipeline\\{closure}()
#36 /home/sgibson/dev/gl/goldlapel-examples/frameworks/laravel/vendor/laravel/framework/src/Illuminate/Foundation/Http/Middleware/TrimStrings.php(51): Illuminate\\Foundation\\Http\\Middleware\\TransformsRequest->handle()
#37 /home/sgibson/dev/gl/goldlapel-examples/frameworks/laravel/vendor/laravel/framework/src/Illuminate/Pipeline/Pipeline.php(209): Illuminate\\Foundation\\Http\\Middleware\\TrimStrings->handle()
#38 /home/sgibson/dev/gl/goldlapel-examples/frameworks/laravel/vendor/laravel/framework/src/Illuminate/Http/Middleware/ValidatePostSize.php(27): Illuminate\\Pipeline\\Pipeline->Illuminate\\Pipeline\\{closure}()
#39 /home/sgibson/dev/gl/goldlapel-examples/frameworks/laravel/vendor/laravel/framework/src/Illuminate/Pipeline/Pipeline.php(209): Illuminate\\Http\\Middleware\\ValidatePostSize->handle()
#40 /home/sgibson/dev/gl/goldlapel-examples/frameworks/laravel/vendor/laravel/framework/src/Illuminate/Foundation/Http/Middleware/PreventRequestsDuringMaintenance.php(110): Illuminate\\Pipeline\\Pipeline->Illuminate\\Pipeline\\{closure}()
#41 /home/sgibson/dev/gl/goldlapel-examples/frameworks/laravel/vendor/laravel/framework/src/Illuminate/Pipeline/Pipeline.php(209): Illuminate\\Foundation\\Http\\Middleware\\PreventRequestsDuringMaintenance->handle()
#42 /home/sgibson/dev/gl/goldlapel-examples/frameworks/laravel/vendor/laravel/framework/src/Illuminate/Http/Middleware/HandleCors.php(62): Illuminate\\Pipeline\\Pipeline->Illuminate\\Pipeline\\{closure}()
#43 /home/sgibson/dev/gl/goldlapel-examples/frameworks/laravel/vendor/laravel/framework/src/Illuminate/Pipeline/Pipeline.php(209): Illuminate\\Http\\Middleware\\HandleCors->handle()
#44 /home/sgibson/dev/gl/goldlapel-examples/frameworks/laravel/vendor/laravel/framework/src/Illuminate/Http/Middleware/TrustProxies.php(58): Illuminate\\Pipeline\\Pipeline->Illuminate\\Pipeline\\{closure}()
#45 /home/sgibson/dev/gl/goldlapel-examples/frameworks/laravel/vendor/laravel/framework/src/Illuminate/Pipeline/Pipeline.php(209): Illuminate\\Http\\Middleware\\TrustProxies->handle()
#46 /home/sgibson/dev/gl/goldlapel-examples/frameworks/laravel/vendor/laravel/framework/src/Illuminate/Foundation/Http/Middleware/InvokeDeferredCallbacks.php(22): Illuminate\\Pipeline\\Pipeline->Illuminate\\Pipeline\\{closure}()
#47 /home/sgibson/dev/gl/goldlapel-examples/frameworks/laravel/vendor/laravel/framework/src/Illuminate/Pipeline/Pipeline.php(209): Illuminate\\Foundation\\Http\\Middleware\\InvokeDeferredCallbacks->handle()
#48 /home/sgibson/dev/gl/goldlapel-examples/frameworks/laravel/vendor/laravel/framework/src/Illuminate/Pipeline/Pipeline.php(127): Illuminate\\Pipeline\\Pipeline->Illuminate\\Pipeline\\{closure}()
#49 /home/sgibson/dev/gl/goldlapel-examples/frameworks/laravel/vendor/laravel/framework/src/Illuminate/Foundation/Http/Kernel.php(176): Illuminate\\Pipeline\\Pipeline->then()
#50 /home/sgibson/dev/gl/goldlapel-examples/frameworks/laravel/vendor/laravel/framework/src/Illuminate/Foundation/Http/Kernel.php(145): Illuminate\\Foundation\\Http\\Kernel->sendRequestThroughRouter()
#51 /home/sgibson/dev/gl/goldlapel-examples/frameworks/laravel/vendor/laravel/framework/src/Illuminate/Foundation/Application.php(1220): Illuminate\\Foundation\\Http\\Kernel->handle()
#52 /home/sgibson/dev/gl/goldlapel-examples/frameworks/laravel/public/index.php(11): Illuminate\\Foundation\\Application->handleRequest()
#53 /home/sgibson/dev/gl/goldlapel-examples/frameworks/laravel/vendor/laravel/framework/src/Illuminate/Foundation/resources/server.php(23): require_once('...')
#54 {main}
"} 
[2026-03-21 22:33:04] local.ERROR: SQLSTATE[08006] [7] connection to server at "127.0.0.1", port 7932 failed: Connection refused
	Is the server running on that host and accepting TCP/IP connections? (Connection: pgsql, SQL: select * from "todos") {"exception":"[object] (Illuminate\\Database\\QueryException(code: 7): SQLSTATE[08006] [7] connection to server at \"127.0.0.1\", port 7932 failed: Connection refused
\tIs the server running on that host and accepting TCP/IP connections? (Connection: pgsql, SQL: select * from \"todos\") at /home/sgibson/dev/gl/goldlapel-examples/frameworks/laravel/vendor/laravel/framework/src/Illuminate/Database/Connection.php:825)
[stacktrace]
#0 /home/sgibson/dev/gl/goldlapel-examples/frameworks/laravel/vendor/laravel/framework/src/Illuminate/Database/Connection.php(979): Illuminate\\Database\\Connection->runQueryCallback()
#1 /home/sgibson/dev/gl/goldlapel-examples/frameworks/laravel/vendor/laravel/framework/src/Illuminate/Database/Connection.php(958): Illuminate\\Database\\Connection->tryAgainIfCausedByLostConnection()
#2 /home/sgibson/dev/gl/goldlapel-examples/frameworks/laravel/vendor/laravel/framework/src/Illuminate/Database/Connection.php(781): Illuminate\\Database\\Connection->handleQueryException()
#3 /home/sgibson/dev/gl/goldlapel-examples/frameworks/laravel/vendor/laravel/framework/src/Illuminate/Database/Connection.php(398): Illuminate\\Database\\Connection->run()
#4 /home/sgibson/dev/gl/goldlapel-examples/frameworks/laravel/vendor/laravel/framework/src/Illuminate/Database/Query/Builder.php(3106): Illuminate\\Database\\Connection->select()
#5 /home/sgibson/dev/gl/goldlapel-examples/frameworks/laravel/vendor/laravel/framework/src/Illuminate/Database/Query/Builder.php(3091): Illuminate\\Database\\Query\\Builder->runSelect()
#6 /home/sgibson/dev/gl/goldlapel-examples/frameworks/laravel/vendor/laravel/framework/src/Illuminate/Database/Query/Builder.php(3676): Illuminate\\Database\\Query\\Builder->Illuminate\\Database\\Query\\{closure}()
#7 /home/sgibson/dev/gl/goldlapel-examples/frameworks/laravel/vendor/laravel/framework/src/Illuminate/Database/Query/Builder.php(3090): Illuminate\\Database\\Query\\Builder->onceWithColumns()
#8 /home/sgibson/dev/gl/goldlapel-examples/frameworks/laravel/vendor/laravel/framework/src/Illuminate/Database/Eloquent/Builder.php(811): Illuminate\\Database\\Query\\Builder->get()
#9 /home/sgibson/dev/gl/goldlapel-examples/frameworks/laravel/vendor/laravel/framework/src/Illuminate/Database/Eloquent/Builder.php(793): Illuminate\\Database\\Eloquent\\Builder->getModels()
#10 /home/sgibson/dev/gl/goldlapel-examples/frameworks/laravel/vendor/laravel/framework/src/Illuminate/Database/Eloquent/Model.php(694): Illuminate\\Database\\Eloquent\\Builder->get()
#11 /home/sgibson/dev/gl/goldlapel-examples/frameworks/laravel/app/Http/Controllers/TodoController.php(12): Illuminate\\Database\\Eloquent\\Model::all()
#12 /home/sgibson/dev/gl/goldlapel-examples/frameworks/laravel/vendor/laravel/framework/src/Illuminate/Routing/ControllerDispatcher.php(47): App\\Http\\Controllers\\TodoController->index()
#13 /home/sgibson/dev/gl/goldlapel-examples/frameworks/laravel/vendor/laravel/framework/src/Illuminate/Routing/Route.php(266): Illuminate\\Routing\\ControllerDispatcher->dispatch()
#14 /home/sgibson/dev/gl/goldlapel-examples/frameworks/laravel/vendor/laravel/framework/src/Illuminate/Routing/Route.php(212): Illuminate\\Routing\\Route->runController()
#15 /home/sgibson/dev/gl/goldlapel-examples/frameworks/laravel/vendor/laravel/framework/src/Illuminate/Routing/Router.php(808): Illuminate\\Routing\\Route->run()
#16 /home/sgibson/dev/gl/goldlapel-examples/frameworks/laravel/vendor/laravel/framework/src/Illuminate/Pipeline/Pipeline.php(170): Illuminate\\Routing\\Router->Illuminate\\Routing\\{closure}()
#17 /home/sgibson/dev/gl/goldlapel-examples/frameworks/laravel/vendor/laravel/framework/src/Illuminate/Routing/Middleware/SubstituteBindings.php(51): Illuminate\\Pipeline\\Pipeline->Illuminate\\Pipeline\\{closure}()
#18 /home/sgibson/dev/gl/goldlapel-examples/frameworks/laravel/vendor/laravel/framework/src/Illuminate/Pipeline/Pipeline.php(209): Illuminate\\Routing\\Middleware\\SubstituteBindings->handle()
#19 /home/sgibson/dev/gl/goldlapel-examples/frameworks/laravel/vendor/laravel/framework/src/Illuminate/Pipeline/Pipeline.php(127): Illuminate\\Pipeline\\Pipeline->Illuminate\\Pipeline\\{closure}()
#20 /home/sgibson/dev/gl/goldlapel-examples/frameworks/laravel/vendor/laravel/framework/src/Illuminate/Routing/Router.php(807): Illuminate\\Pipeline\\Pipeline->then()
#21 /home/sgibson/dev/gl/goldlapel-examples/frameworks/laravel/vendor/laravel/framework/src/Illuminate/Routing/Router.php(786): Illuminate\\Routing\\Router->runRouteWithinStack()
#22 /home/sgibson/dev/gl/goldlapel-examples/frameworks/laravel/vendor/laravel/framework/src/Illuminate/Routing/Router.php(750): Illuminate\\Routing\\Router->runRoute()
#23 /home/sgibson/dev/gl/goldlapel-examples/frameworks/laravel/vendor/laravel/framework/src/Illuminate/Routing/Router.php(739): Illuminate\\Routing\\Router->dispatchToRoute()
#24 /home/sgibson/dev/gl/goldlapel-examples/frameworks/laravel/vendor/laravel/framework/src/Illuminate/Foundation/Http/Kernel.php(201): Illuminate\\Routing\\Router->dispatch()
#25 /home/sgibson/dev/gl/goldlapel-examples/frameworks/laravel/vendor/laravel/framework/src/Illuminate/Pipeline/Pipeline.php(170): Illuminate\\Foundation\\Http\\Kernel->Illuminate\\Foundation\\Http\\{closure}()
#26 /home/sgibson/dev/gl/goldlapel-examples/frameworks/laravel/vendor/laravel/framework/src/Illuminate/Foundation/Http/Middleware/TransformsRequest.php(21): Illuminate\\Pipeline\\Pipeline->Illuminate\\Pipeline\\{closure}()
#27 /home/sgibson/dev/gl/goldlapel-examples/frameworks/laravel/vendor/laravel/framework/src/Illuminate/Foundation/Http/Middleware/ConvertEmptyStringsToNull.php(31): Illuminate\\Foundation\\Http\\Middleware\\TransformsRequest->handle()
#28 /home/sgibson/dev/gl/goldlapel-examples/frameworks/laravel/vendor/laravel/framework/src/Illuminate/Pipeline/Pipeline.php(209): Illuminate\\Foundation\\Http\\Middleware\\ConvertEmptyStringsToNull->handle()
#29 /home/sgibson/dev/gl/goldlapel-examples/frameworks/laravel/vendor/laravel/framework/src/Illuminate/Foundation/Http/Middleware/TransformsRequest.php(21): Illuminate\\Pipeline\\Pipeline->Illuminate\\Pipeline\\{closure}()
#30 /home/sgibson/dev/gl/goldlapel-examples/frameworks/laravel/vendor/laravel/framework/src/Illuminate/Foundation/Http/Middleware/TrimStrings.php(51): Illuminate\\Foundation\\Http\\Middleware\\TransformsRequest->handle()
#31 /home/sgibson/dev/gl/goldlapel-examples/frameworks/laravel/vendor/laravel/framework/src/Illuminate/Pipeline/Pipeline.php(209): Illuminate\\Foundation\\Http\\Middleware\\TrimStrings->handle()
#32 /home/sgibson/dev/gl/goldlapel-examples/frameworks/laravel/vendor/laravel/framework/src/Illuminate/Http/Middleware/ValidatePostSize.php(27): Illuminate\\Pipeline\\Pipeline->Illuminate\\Pipeline\\{closure}()
#33 /home/sgibson/dev/gl/goldlapel-examples/frameworks/laravel/vendor/laravel/framework/src/Illuminate/Pipeline/Pipeline.php(209): Illuminate\\Http\\Middleware\\ValidatePostSize->handle()
#34 /home/sgibson/dev/gl/goldlapel-examples/frameworks/laravel/vendor/laravel/framework/src/Illuminate/Foundation/Http/Middleware/PreventRequestsDuringMaintenance.php(110): Illuminate\\Pipeline\\Pipeline->Illuminate\\Pipeline\\{closure}()
#35 /home/sgibson/dev/gl/goldlapel-examples/frameworks/laravel/vendor/laravel/framework/src/Illuminate/Pipeline/Pipeline.php(209): Illuminate\\Foundation\\Http\\Middleware\\PreventRequestsDuringMaintenance->handle()
#36 /home/sgibson/dev/gl/goldlapel-examples/frameworks/laravel/vendor/laravel/framework/src/Illuminate/Http/Middleware/HandleCors.php(62): Illuminate\\Pipeline\\Pipeline->Illuminate\\Pipeline\\{closure}()
#37 /home/sgibson/dev/gl/goldlapel-examples/frameworks/laravel/vendor/laravel/framework/src/Illuminate/Pipeline/Pipeline.php(209): Illuminate\\Http\\Middleware\\HandleCors->handle()
#38 /home/sgibson/dev/gl/goldlapel-examples/frameworks/laravel/vendor/laravel/framework/src/Illuminate/Http/Middleware/TrustProxies.php(58): Illuminate\\Pipeline\\Pipeline->Illuminate\\Pipeline\\{closure}()
#39 /home/sgibson/dev/gl/goldlapel-examples/frameworks/laravel/vendor/laravel/framework/src/Illuminate/Pipeline/Pipeline.php(209): Illuminate\\Http\\Middleware\\TrustProxies->handle()
#40 /home/sgibson/dev/gl/goldlapel-examples/frameworks/laravel/vendor/laravel/framework/src/Illuminate/Foundation/Http/Middleware/InvokeDeferredCallbacks.php(22): Illuminate\\Pipeline\\Pipeline->Illuminate\\Pipeline\\{closure}()
#41 /home/sgibson/dev/gl/goldlapel-examples/frameworks/laravel/vendor/laravel/framework/src/Illuminate/Pipeline/Pipeline.php(209): Illuminate\\Foundation\\Http\\Middleware\\InvokeDeferredCallbacks->handle()
#42 /home/sgibson/dev/gl/goldlapel-examples/frameworks/laravel/vendor/laravel/framework/src/Illuminate/Pipeline/Pipeline.php(127): Illuminate\\Pipeline\\Pipeline->Illuminate\\Pipeline\\{closure}()
#43 /home/sgibson/dev/gl/goldlapel-examples/frameworks/laravel/vendor/laravel/framework/src/Illuminate/Foundation/Http/Kernel.php(176): Illuminate\\Pipeline\\Pipeline->then()
#44 /home/sgibson/dev/gl/goldlapel-examples/frameworks/laravel/vendor/laravel/framework/src/Illuminate/Foundation/Http/Kernel.php(145): Illuminate\\Foundation\\Http\\Kernel->sendRequestThroughRouter()
#45 /home/sgibson/dev/gl/goldlapel-examples/frameworks/laravel/vendor/laravel/framework/src/Illuminate/Foundation/Application.php(1220): Illuminate\\Foundation\\Http\\Kernel->handle()
#46 /home/sgibson/dev/gl/goldlapel-examples/frameworks/laravel/public/index.php(11): Illuminate\\Foundation\\Application->handleRequest()
#47 /home/sgibson/dev/gl/goldlapel-examples/frameworks/laravel/vendor/laravel/framework/src/Illuminate/Foundation/resources/server.php(23): require_once('...')
#48 {main}

[previous exception] [object] (PDOException(code: 7): SQLSTATE[08006] [7] connection to server at \"127.0.0.1\", port 7932 failed: Connection refused
\tIs the server running on that host and accepting TCP/IP connections? at /home/sgibson/dev/gl/goldlapel-examples/frameworks/laravel/vendor/laravel/framework/src/Illuminate/Database/Connectors/Connector.php:66)
[stacktrace]
#0 /home/sgibson/dev/gl/goldlapel-examples/frameworks/laravel/vendor/laravel/framework/src/Illuminate/Database/Connectors/Connector.php(66): PDO->__construct()
#1 /home/sgibson/dev/gl/goldlapel-examples/frameworks/laravel/vendor/laravel/framework/src/Illuminate/Database/Connectors/Connector.php(44): Illuminate\\Database\\Connectors\\Connector->createPdoConnection()
#2 /home/sgibson/dev/gl/goldlapel-examples/frameworks/laravel/vendor/laravel/framework/src/Illuminate/Database/Connectors/PostgresConnector.php(35): Illuminate\\Database\\Connectors\\Connector->createConnection()
#3 /home/sgibson/dev/gl/goldlapel-examples/frameworks/laravel/vendor/laravel/framework/src/Illuminate/Database/Connectors/ConnectionFactory.php(185): Illuminate\\Database\\Connectors\\PostgresConnector->connect()
#4 [internal function]: Illuminate\\Database\\Connectors\\ConnectionFactory->Illuminate\\Database\\Connectors\\{closure}()
#5 /home/sgibson/dev/gl/goldlapel-examples/frameworks/laravel/vendor/laravel/framework/src/Illuminate/Database/Connection.php(1231): call_user_func()
#6 /home/sgibson/dev/gl/goldlapel-examples/frameworks/laravel/vendor/laravel/framework/src/Illuminate/Database/Connection.php(1267): Illuminate\\Database\\Connection->getPdo()
#7 /home/sgibson/dev/gl/goldlapel-examples/frameworks/laravel/vendor/laravel/framework/src/Illuminate/Database/Connection.php(512): Illuminate\\Database\\Connection->getReadPdo()
#8 /home/sgibson/dev/gl/goldlapel-examples/frameworks/laravel/vendor/laravel/framework/src/Illuminate/Database/Connection.php(407): Illuminate\\Database\\Connection->getPdoForSelect()
#9 /home/sgibson/dev/gl/goldlapel-examples/frameworks/laravel/vendor/laravel/framework/src/Illuminate/Database/Connection.php(812): Illuminate\\Database\\Connection->Illuminate\\Database\\{closure}()
#10 /home/sgibson/dev/gl/goldlapel-examples/frameworks/laravel/vendor/laravel/framework/src/Illuminate/Database/Connection.php(979): Illuminate\\Database\\Connection->runQueryCallback()
#11 /home/sgibson/dev/gl/goldlapel-examples/frameworks/laravel/vendor/laravel/framework/src/Illuminate/Database/Connection.php(958): Illuminate\\Database\\Connection->tryAgainIfCausedByLostConnection()
#12 /home/sgibson/dev/gl/goldlapel-examples/frameworks/laravel/vendor/laravel/framework/src/Illuminate/Database/Connection.php(781): Illuminate\\Database\\Connection->handleQueryException()
#13 /home/sgibson/dev/gl/goldlapel-examples/frameworks/laravel/vendor/laravel/framework/src/Illuminate/Database/Connection.php(398): Illuminate\\Database\\Connection->run()
#14 /home/sgibson/dev/gl/goldlapel-examples/frameworks/laravel/vendor/laravel/framework/src/Illuminate/Database/Query/Builder.php(3106): Illuminate\\Database\\Connection->select()
#15 /home/sgibson/dev/gl/goldlapel-examples/frameworks/laravel/vendor/laravel/framework/src/Illuminate/Database/Query/Builder.php(3091): Illuminate\\Database\\Query\\Builder->runSelect()
#16 /home/sgibson/dev/gl/goldlapel-examples/frameworks/laravel/vendor/laravel/framework/src/Illuminate/Database/Query/Builder.php(3676): Illuminate\\Database\\Query\\Builder->Illuminate\\Database\\Query\\{closure}()
#17 /home/sgibson/dev/gl/goldlapel-examples/frameworks/laravel/vendor/laravel/framework/src/Illuminate/Database/Query/Builder.php(3090): Illuminate\\Database\\Query\\Builder->onceWithColumns()
#18 /home/sgibson/dev/gl/goldlapel-examples/frameworks/laravel/vendor/laravel/framework/src/Illuminate/Database/Eloquent/Builder.php(811): Illuminate\\Database\\Query\\Builder->get()
#19 /home/sgibson/dev/gl/goldlapel-examples/frameworks/laravel/vendor/laravel/framework/src/Illuminate/Database/Eloquent/Builder.php(793): Illuminate\\Database\\Eloquent\\Builder->getModels()
#20 /home/sgibson/dev/gl/goldlapel-examples/frameworks/laravel/vendor/laravel/framework/src/Illuminate/Database/Eloquent/Model.php(694): Illuminate\\Database\\Eloquent\\Builder->get()
#21 /home/sgibson/dev/gl/goldlapel-examples/frameworks/laravel/app/Http/Controllers/TodoController.php(12): Illuminate\\Database\\Eloquent\\Model::all()
#22 /home/sgibson/dev/gl/goldlapel-examples/frameworks/laravel/vendor/laravel/framework/src/Illuminate/Routing/ControllerDispatcher.php(47): App\\Http\\Controllers\\TodoController->index()
#23 /home/sgibson/dev/gl/goldlapel-examples/frameworks/laravel/vendor/laravel/framework/src/Illuminate/Routing/Route.php(266): Illuminate\\Routing\\ControllerDispatcher->dispatch()
#24 /home/sgibson/dev/gl/goldlapel-examples/frameworks/laravel/vendor/laravel/framework/src/Illuminate/Routing/Route.php(212): Illuminate\\Routing\\Route->runController()
#25 /home/sgibson/dev/gl/goldlapel-examples/frameworks/laravel/vendor/laravel/framework/src/Illuminate/Routing/Router.php(808): Illuminate\\Routing\\Route->run()
#26 /home/sgibson/dev/gl/goldlapel-examples/frameworks/laravel/vendor/laravel/framework/src/Illuminate/Pipeline/Pipeline.php(170): Illuminate\\Routing\\Router->Illuminate\\Routing\\{closure}()
#27 /home/sgibson/dev/gl/goldlapel-examples/frameworks/laravel/vendor/laravel/framework/src/Illuminate/Routing/Middleware/SubstituteBindings.php(51): Illuminate\\Pipeline\\Pipeline->Illuminate\\Pipeline\\{closure}()
#28 /home/sgibson/dev/gl/goldlapel-examples/frameworks/laravel/vendor/laravel/framework/src/Illuminate/Pipeline/Pipeline.php(209): Illuminate\\Routing\\Middleware\\SubstituteBindings->handle()
#29 /home/sgibson/dev/gl/goldlapel-examples/frameworks/laravel/vendor/laravel/framework/src/Illuminate/Pipeline/Pipeline.php(127): Illuminate\\Pipeline\\Pipeline->Illuminate\\Pipeline\\{closure}()
#30 /home/sgibson/dev/gl/goldlapel-examples/frameworks/laravel/vendor/laravel/framework/src/Illuminate/Routing/Router.php(807): Illuminate\\Pipeline\\Pipeline->then()
#31 /home/sgibson/dev/gl/goldlapel-examples/frameworks/laravel/vendor/laravel/framework/src/Illuminate/Routing/Router.php(786): Illuminate\\Routing\\Router->runRouteWithinStack()
#32 /home/sgibson/dev/gl/goldlapel-examples/frameworks/laravel/vendor/laravel/framework/src/Illuminate/Routing/Router.php(750): Illuminate\\Routing\\Router->runRoute()
#33 /home/sgibson/dev/gl/goldlapel-examples/frameworks/laravel/vendor/laravel/framework/src/Illuminate/Routing/Router.php(739): Illuminate\\Routing\\Router->dispatchToRoute()
#34 /home/sgibson/dev/gl/goldlapel-examples/frameworks/laravel/vendor/laravel/framework/src/Illuminate/Foundation/Http/Kernel.php(201): Illuminate\\Routing\\Router->dispatch()
#35 /home/sgibson/dev/gl/goldlapel-examples/frameworks/laravel/vendor/laravel/framework/src/Illuminate/Pipeline/Pipeline.php(170): Illuminate\\Foundation\\Http\\Kernel->Illuminate\\Foundation\\Http\\{closure}()
#36 /home/sgibson/dev/gl/goldlapel-examples/frameworks/laravel/vendor/laravel/framework/src/Illuminate/Foundation/Http/Middleware/TransformsRequest.php(21): Illuminate\\Pipeline\\Pipeline->Illuminate\\Pipeline\\{closure}()
#37 /home/sgibson/dev/gl/goldlapel-examples/frameworks/laravel/vendor/laravel/framework/src/Illuminate/Foundation/Http/Middleware/ConvertEmptyStringsToNull.php(31): Illuminate\\Foundation\\Http\\Middleware\\TransformsRequest->handle()
#38 /home/sgibson/dev/gl/goldlapel-examples/frameworks/laravel/vendor/laravel/framework/src/Illuminate/Pipeline/Pipeline.php(209): Illuminate\\Foundation\\Http\\Middleware\\ConvertEmptyStringsToNull->handle()
#39 /home/sgibson/dev/gl/goldlapel-examples/frameworks/laravel/vendor/laravel/framework/src/Illuminate/Foundation/Http/Middleware/TransformsRequest.php(21): Illuminate\\Pipeline\\Pipeline->Illuminate\\Pipeline\\{closure}()
#40 /home/sgibson/dev/gl/goldlapel-examples/frameworks/laravel/vendor/laravel/framework/src/Illuminate/Foundation/Http/Middleware/TrimStrings.php(51): Illuminate\\Foundation\\Http\\Middleware\\TransformsRequest->handle()
#41 /home/sgibson/dev/gl/goldlapel-examples/frameworks/laravel/vendor/laravel/framework/src/Illuminate/Pipeline/Pipeline.php(209): Illuminate\\Foundation\\Http\\Middleware\\TrimStrings->handle()
#42 /home/sgibson/dev/gl/goldlapel-examples/frameworks/laravel/vendor/laravel/framework/src/Illuminate/Http/Middleware/ValidatePostSize.php(27): Illuminate\\Pipeline\\Pipeline->Illuminate\\Pipeline\\{closure}()
#43 /home/sgibson/dev/gl/goldlapel-examples/frameworks/laravel/vendor/laravel/framework/src/Illuminate/Pipeline/Pipeline.php(209): Illuminate\\Http\\Middleware\\ValidatePostSize->handle()
#44 /home/sgibson/dev/gl/goldlapel-examples/frameworks/laravel/vendor/laravel/framework/src/Illuminate/Foundation/Http/Middleware/PreventRequestsDuringMaintenance.php(110): Illuminate\\Pipeline\\Pipeline->Illuminate\\Pipeline\\{closure}()
#45 /home/sgibson/dev/gl/goldlapel-examples/frameworks/laravel/vendor/laravel/framework/src/Illuminate/Pipeline/Pipeline.php(209): Illuminate\\Foundation\\Http\\Middleware\\PreventRequestsDuringMaintenance->handle()
#46 /home/sgibson/dev/gl/goldlapel-examples/frameworks/laravel/vendor/laravel/framework/src/Illuminate/Http/Middleware/HandleCors.php(62): Illuminate\\Pipeline\\Pipeline->Illuminate\\Pipeline\\{closure}()
#47 /home/sgibson/dev/gl/goldlapel-examples/frameworks/laravel/vendor/laravel/framework/src/Illuminate/Pipeline/Pipeline.php(209): Illuminate\\Http\\Middleware\\HandleCors->handle()
#48 /home/sgibson/dev/gl/goldlapel-examples/frameworks/laravel/vendor/laravel/framework/src/Illuminate/Http/Middleware/TrustProxies.php(58): Illuminate\\Pipeline\\Pipeline->Illuminate\\Pipeline\\{closure}()
#49 /home/sgibson/dev/gl/goldlapel-examples/frameworks/laravel/vendor/laravel/framework/src/Illuminate/Pipeline/Pipeline.php(209): Illuminate\\Http\\Middleware\\TrustProxies->handle()
#50 /home/sgibson/dev/gl/goldlapel-examples/frameworks/laravel/vendor/laravel/framework/src/Illuminate/Foundation/Http/Middleware/InvokeDeferredCallbacks.php(22): Illuminate\\Pipeline\\Pipeline->Illuminate\\Pipeline\\{closure}()
#51 /home/sgibson/dev/gl/goldlapel-examples/frameworks/laravel/vendor/laravel/framework/src/Illuminate/Pipeline/Pipeline.php(209): Illuminate\\Foundation\\Http\\Middleware\\InvokeDeferredCallbacks->handle()
#52 /home/sgibson/dev/gl/goldlapel-examples/frameworks/laravel/vendor/laravel/framework/src/Illuminate/Pipeline/Pipeline.php(127): Illuminate\\Pipeline\\Pipeline->Illuminate\\Pipeline\\{closure}()
#53 /home/sgibson/dev/gl/goldlapel-examples/frameworks/laravel/vendor/laravel/framework/src/Illuminate/Foundation/Http/Kernel.php(176): Illuminate\\Pipeline\\Pipeline->then()
#54 /home/sgibson/dev/gl/goldlapel-examples/frameworks/laravel/vendor/laravel/framework/src/Illuminate/Foundation/Http/Kernel.php(145): Illuminate\\Foundation\\Http\\Kernel->sendRequestThroughRouter()
#55 /home/sgibson/dev/gl/goldlapel-examples/frameworks/laravel/vendor/laravel/framework/src/Illuminate/Foundation/Application.php(1220): Illuminate\\Foundation\\Http\\Kernel->handle()
#56 /home/sgibson/dev/gl/goldlapel-examples/frameworks/laravel/public/index.php(11): Illuminate\\Foundation\\Application->handleRequest()
#57 /home/sgibson/dev/gl/goldlapel-examples/frameworks/laravel/vendor/laravel/framework/src/Illuminate/Foundation/resources/server.php(23): require_once('...')
#58 {main}
"} 
[2026-03-21 22:33:23] local.WARNING: Gold Lapel failed to start for connection 'pgsql': Gold Lapel binary not found. Set GOLDLAPEL_BINARY env var, install the platform-specific package, or ensure 'goldlapel' is on PATH.  
